<?xml version="1.0" encoding="UTF-8"?>
<!-- Generated by org.testng.reporters.JUnitReportReporter -->
<testsuite hostname="IBM423-PC0CQB91" name="demosss.TestData" tests="1" failures="0" timestamp="2 May 2018 17:54:58 GMT" time="34.552" errors="0">
  <testcase name="xx" time="34.552" classname="demosss.TestData"/>
</testsuite> <!-- demosss.TestData -->
